
/dev/rdisk2s1: fsck_apfs started at Fri Jul 12 22:12:47 2024
/dev/rdisk2s1: error: container /dev/rdisk2 is mounted with write access; please re-run with -l.

/dev/rdisk1s1: fsck_apfs started at Fri Jul 12 22:12:47 2024
/dev/rdisk2s1: fsck_apfs completed at Fri Jul 12 22:12:47 2024

/dev/rdisk1s1: ** Checking the container superblock.

/dev/rdisk3s1: fsck_apfs started at Fri Jul 12 22:12:47 2024
/dev/rdisk3s1: ** QUICKCHECK ONLY; FILESYSTEM CLEAN
/dev/rdisk3s1: fsck_apfs completed at Fri Jul 12 22:12:47 2024


/dev/rdisk5s1: fsck_apfs started at Fri Jul 12 22:12:47 2024
/dev/rdisk1s1:    Checking the checkpoint with transaction ID 32.
/dev/rdisk1s1: ** Checking the object map.
/dev/rdisk1s1: ** Checking volume /dev/rdisk1s1.
/dev/rdisk1s1: ** Checking the APFS volume superblock.
/dev/rdisk1s1:    The volume Recovery was formatted by newfs_apfs (2235.60.6) and last modified by apfs_kext (2236.101.1).
/dev/rdisk1s1: ** QUICKCHECK ONLY; FILESYSTEM CLEAN
/dev/rdisk1s1: fsck_apfs completed at Fri Jul 12 22:12:48 2024

/dev/rdisk5s1: ** Checking the container superblock.
/dev/rdisk5s1:    Checking the checkpoint with transaction ID 67.
/dev/rdisk5s1: ** Checking the object map.
/dev/rdisk5s1: ** Checking volume /dev/rdisk5s1.
/dev/rdisk5s1: ** Checking the APFS volume superblock.
/dev/rdisk5s1:    The volume macOS Base System was formatted by newfs_apfs (2142.41.2.100.1) and last modified by apfs_sealvolume (2236.120.10.0..
/dev/rdisk5s1: ** QUICKCHECK ONLY; FILESYSTEM CLEAN
/dev/rdisk5s1: fsck_apfs completed at Fri Jul 12 22:12:48 2024


/dev/rdisk2s2: fsck_apfs started at Fri Jul 12 22:12:48 2024
/dev/rdisk2s2: error: container /dev/rdisk2 is mounted with write access; please re-run with -l.
/dev/rdisk2s2: fsck_apfs completed at Fri Jul 12 22:12:48 2024


/dev/rdisk3s2: fsck_apfs started at Fri Jul 12 22:12:48 2024
/dev/rdisk3s2: ** QUICKCHECK ONLY; FILESYSTEM CLEAN
/dev/rdisk3s2: fsck_apfs completed at Fri Jul 12 22:12:48 2024


/dev/rdisk1s2: fsck_apfs started at Fri Jul 12 22:12:48 2024
/dev/rdisk1s2: ** Checking the container superblock.
/dev/rdisk1s2:    Checking the checkpoint with transaction ID 32.
/dev/rdisk1s2: ** Checking the object map.
/dev/rdisk1s2: ** Checking volume /dev/rdisk1s2.
/dev/rdisk1s2: ** Checking the APFS volume superblock.
/dev/rdisk1s2:    The volume Update was formatted by com.apple.MobileSof (2235.60.6) and last modified by apfs_kext (2236.101.1).
/dev/rdisk1s2: ** QUICKCHECK ONLY; FILESYSTEM CLEAN
/dev/rdisk1s2: fsck_apfs completed at Fri Jul 12 22:12:48 2024


/dev/rdisk2s3: fsck_apfs started at Fri Jul 12 22:12:48 2024

/dev/rdisk3s4: fsck_apfs started at Fri Jul 12 22:12:48 2024
/dev/rdisk2s3: error: container /dev/rdisk2 is mounted with write access; please re-run with -l.
/dev/rdisk2s3: fsck_apfs completed at Fri Jul 12 22:12:48 2024

/dev/rdisk3s4: error: container /dev/rdisk3 is mounted with write access; please re-run with -l.
/dev/rdisk3s4: fsck_apfs completed at Fri Jul 12 22:12:48 2024


/dev/rdisk2s4: fsck_apfs started at Fri Jul 12 22:12:48 2024
/dev/rdisk2s4: ** QUICKCHECK ONLY; FILESYSTEM CLEAN
/dev/rdisk2s4: fsck_apfs completed at Fri Jul 12 22:12:48 2024


/dev/rdisk3s3: fsck_apfs started at Fri Jul 12 22:12:48 2024
/dev/rdisk3s3: error: container /dev/rdisk3 is mounted with write access; please re-run with -l.
/dev/rdisk3s3: fsck_apfs completed at Fri Jul 12 22:12:48 2024


/dev/rdisk3s5: fsck_apfs started at Fri Jul 12 22:12:48 2024
/dev/rdisk3s5: ** QUICKCHECK ONLY; FILESYSTEM CLEAN
/dev/rdisk3s5: fsck_apfs completed at Fri Jul 12 22:12:48 2024


/dev/rdisk3s6: fsck_apfs started at Fri Jul 12 22:12:48 2024
/dev/rdisk3s6: ** QUICKCHECK ONLY; FILESYSTEM CLEAN
/dev/rdisk3s6: fsck_apfs completed at Fri Jul 12 22:12:48 2024


/dev/rdisk3s2: fsck_apfs started at Fri Jul 12 22:12:49 2024
/dev/rdisk3s2: ** QUICKCHECK ONLY; FILESYSTEM CLEAN
/dev/rdisk3s2: fsck_apfs completed at Fri Jul 12 22:12:49 2024


/dev/rdisk3s7: fsck_apfs started at Fri Jul 12 22:17:43 2024
/dev/rdisk3s7: ** QUICKCHECK ONLY; FILESYSTEM CLEAN
/dev/rdisk3s7: fsck_apfs completed at Fri Jul 12 22:17:43 2024


/dev/rdisk3s7: fsck_apfs started at Fri Jul 12 22:17:43 2024
/dev/rdisk3s7: ** QUICKCHECK ONLY; FILESYSTEM CLEAN
/dev/rdisk3s7: fsck_apfs completed at Fri Jul 12 22:17:43 2024

