dev=/dev/rdisk2 uuid=00000000-0000-0000-0000-000000000000 vers=2236.120.10.0.1 default_ans=n result=65 fp=2 fl=156 repairs=0 time=0 iter=1
fsck_apfs completed at Fri Jul 12 22:12:47 2024
dev= uuid=00000000-0000-0000-0000-000000000000 vers=2236.120.10.0.1 default_ans=n result=0 fp=0 fl=-1 repairs=0 time=0 iter=1
fsck_apfs completed at Fri Jul 12 22:12:47 2024
dev= uuid=C40399EB-5AFE-4832-A2A6-EC820F0CC413 vers=2236.120.10.0.1 default_ans=n result=0 fp=0 fl=-1 repairs=0 time=1 iter=1
fsck_apfs completed at Fri Jul 12 22:12:48 2024
dev= uuid=0CBE0998-857B-41FD-81A0-28CF0B70BBB0 vers=2236.120.10.0.1 default_ans=n result=0 fp=0 fl=-1 repairs=0 time=1 iter=1
fsck_apfs completed at Fri Jul 12 22:12:48 2024
dev=/dev/rdisk2 uuid=00000000-0000-0000-0000-000000000000 vers=2236.120.10.0.1 default_ans=n result=65 fp=2 fl=156 repairs=0 time=0 iter=1
fsck_apfs completed at Fri Jul 12 22:12:48 2024
dev= uuid=00000000-0000-0000-0000-000000000000 vers=2236.120.10.0.1 default_ans=n result=0 fp=0 fl=-1 repairs=0 time=0 iter=1
fsck_apfs completed at Fri Jul 12 22:12:48 2024
dev= uuid=C40399EB-5AFE-4832-A2A6-EC820F0CC413 vers=2236.120.10.0.1 default_ans=n result=0 fp=0 fl=-1 repairs=0 time=0 iter=1
fsck_apfs completed at Fri Jul 12 22:12:48 2024
dev=/dev/rdisk2 uuid=00000000-0000-0000-0000-000000000000 vers=2236.120.10.0.1 default_ans=n result=65 fp=2 fl=156 repairs=0 time=0 iter=1
fsck_apfs completed at Fri Jul 12 22:12:48 2024
dev=/dev/rdisk3 uuid=00000000-0000-0000-0000-000000000000 vers=2236.120.10.0.1 default_ans=n result=65 fp=2 fl=156 repairs=0 time=0 iter=1
fsck_apfs completed at Fri Jul 12 22:12:48 2024
dev= uuid=00000000-0000-0000-0000-000000000000 vers=2236.120.10.0.1 default_ans=n result=0 fp=0 fl=-1 repairs=0 time=0 iter=1
fsck_apfs completed at Fri Jul 12 22:12:48 2024
dev=/dev/rdisk3 uuid=00000000-0000-0000-0000-000000000000 vers=2236.120.10.0.1 default_ans=n result=65 fp=2 fl=156 repairs=0 time=0 iter=1
fsck_apfs completed at Fri Jul 12 22:12:48 2024
dev= uuid=00000000-0000-0000-0000-000000000000 vers=2236.120.10.0.1 default_ans=n result=0 fp=0 fl=-1 repairs=0 time=0 iter=1
fsck_apfs completed at Fri Jul 12 22:12:48 2024
dev= uuid=00000000-0000-0000-0000-000000000000 vers=2236.120.10.0.1 default_ans=n result=0 fp=0 fl=-1 repairs=0 time=0 iter=1
fsck_apfs completed at Fri Jul 12 22:12:48 2024
dev= uuid=00000000-0000-0000-0000-000000000000 vers=2236.120.10.0.1 default_ans=n result=0 fp=0 fl=-1 repairs=0 time=0 iter=1
fsck_apfs completed at Fri Jul 12 22:12:49 2024
dev= uuid=00000000-0000-0000-0000-000000000000 vers=2236.120.10.0.1 default_ans=n result=0 fp=0 fl=-1 repairs=0 time=0 iter=1
fsck_apfs completed at Fri Jul 12 22:17:43 2024
dev= uuid=00000000-0000-0000-0000-000000000000 vers=2236.120.10.0.1 default_ans=n result=0 fp=0 fl=-1 repairs=0 time=0 iter=1
fsck_apfs completed at Fri Jul 12 22:17:43 2024
